<?xml version="1.0" encoding="UTF-8"?>
<!-- Generated by org.testng.reporters.JUnitReportReporter -->
<testsuite hostname="DESKTOP-AMG9M4J" name="com.test.McLendonsTest" tests="4" failures="0" timestamp="10 Jan 2021 06:45:13 GMT" time="144.980" errors="0">
  <testcase name="ContactformTest" time="37.261" classname="com.test.McLendonsTest"/>
  <testcase name="ContactformTest" time="29.953" classname="com.test.McLendonsTest"/>
  <testcase name="ContactformTest" time="30.567" classname="com.test.McLendonsTest"/>
  <testcase name="ContactformTest" time="47.199" classname="com.test.McLendonsTest"/>
</testsuite> <!-- com.test.McLendonsTest -->
